2024-11-27 15:34:58,847 - Initial log entry to create the log file.
2024-11-27 15:34:58,848 - System Details: 
2024-11-27 15:34:58,848 - OS: scpustats(ctx_switches=405766953, interrupts=281321174, soft_interrupts=0, syscalls=1173559020) 10
2024-11-27 15:34:58,848 - CPU: AMD64
2024-11-27 15:34:58,848 - Logical Cores: 8
2024-11-27 15:40:16,871 - Matrix Sizes=[800, 1600, 3200, 6400], Cores=[1, 2, 4, 8, 14], Times=[[6.41360283e-02 5.83994389e-02 5.35335541e-02 6.03466034e-02
  8.66286755e-02]
 [7.70893574e-01 5.82062244e-01 5.16840219e-01 4.90560055e-01
  4.46759939e-01]
 [7.94598603e+00 6.27313495e+00 6.05755734e+00 5.73390841e+00
  5.96899390e+00]
 [6.20312843e+01 5.56355612e+01 5.39920175e+01 5.54178693e+01
  5.50644867e+01]]
2024-11-27 16:18:31,839 - Initial log entry to create the log file.
2024-11-27 16:18:31,839 - System Details: 
2024-11-27 16:18:31,839 - OS: scpustats(ctx_switches=539225742, interrupts=321760914, soft_interrupts=0, syscalls=1509000526) 10
2024-11-27 16:18:31,839 - CPU: AMD64
2024-11-27 16:18:31,839 - Logical Cores: 8
2024-11-27 16:22:46,802 - Matrix Sizes=[800, 1600, 3200, 6400], Cores=[1, 2, 4, 8], Times=[[6.61189556e-02 6.03559017e-02 5.25598526e-02 5.93824387e-02]
 [7.67965555e-01 5.76934576e-01 5.46040773e-01 5.40199518e-01]
 [7.99139857e+00 6.41209984e+00 6.01537633e+00 5.74564385e+00]
 [6.14785004e+01 5.55830293e+01 5.39464922e+01 5.43444831e+01]]
